<?xml version="1.0" encoding="UTF-8"?>
<!-- Generated by org.testng.reporters.JUnitReportReporter -->
<testsuite name="com.jbk.selenium_Demo" tests="1" time="26.312" ignored="0" failures="0" timestamp="16 Jan 2021 03:29:01 GMT" skipped="0" hostname="LAPTOP-COQHVDGR" errors="0">
  <testcase name="test1" time="26.312" classname="com.jbk.selenium_Demo"/>
</testsuite> <!-- com.jbk.selenium_Demo -->
