<?xml version="1.0" encoding="UTF-8"?>
<!-- Generated by org.testng.reporters.JUnitReportReporter -->
<testsuite name="com.jbk.Wait.WaitEx" tests="1" time="6.782" ignored="0" failures="0" timestamp="30 Jan 2021 18:30:40 GMT" skipped="0" hostname="LAPTOP-COQHVDGR" errors="0">
  <testcase name="test_01" time="6.782" classname="com.jbk.Wait.WaitEx"/>
</testsuite> <!-- com.jbk.Wait.WaitEx -->
