<?xml version="1.0" encoding="UTF-8"?>
<!-- Generated by org.testng.reporters.JUnitReportReporter -->
<testsuite name="com.jbk.TestCase_8" tests="1" time="18.460" ignored="0" failures="0" timestamp="20 Feb 2021 09:12:34 GMT" skipped="0" hostname="LAPTOP-COQHVDGR" errors="0">
  <testcase name="TestCase__8" time="18.460" classname="com.jbk.TestCase_8"/>
</testsuite> <!-- com.jbk.TestCase_8 -->
