<?xml version="1.0" encoding="UTF-8"?>
<!-- Generated by org.testng.reporters.JUnitReportReporter -->
<testsuite name="com.jbk.excel.Jxl_Read" tests="1" time="0.071" ignored="0" failures="0" timestamp="26 Jan 2021 19:55:02 GMT" skipped="0" hostname="LAPTOP-COQHVDGR" errors="0">
  <testcase name="test01" time="0.071" classname="com.jbk.excel.Jxl_Read"/>
</testsuite> <!-- com.jbk.excel.Jxl_Read -->
