<?xml version="1.0" encoding="UTF-8"?>
<!-- Generated by org.testng.reporters.JUnitReportReporter -->
<testsuite name="com.jbk.TestNG_Demo" tests="3" time="32.462" ignored="0" failures="0" timestamp="20 Feb 2021 09:12:34 GMT" skipped="0" hostname="LAPTOP-COQHVDGR" errors="0">
  <testcase name="TestCase_5" time="6.961" classname="com.jbk.TestNG_Demo"/>
  <testcase name="TestCase_6" time="7.206" classname="com.jbk.TestNG_Demo"/>
  <testcase name="TestCase_4" time="18.295" classname="com.jbk.TestNG_Demo"/>
</testsuite> <!-- com.jbk.TestNG_Demo -->
