<?xml version="1.0" encoding="UTF-8"?>
<!-- Generated by org.testng.reporters.JUnitReportReporter -->
<testsuite name="com.jbk.Read_properties" tests="2" time="7.718" ignored="0" failures="0" timestamp="28 Jan 2021 03:35:55 GMT" skipped="0" hostname="LAPTOP-COQHVDGR" errors="0">
  <testcase name="Read_property" time="0.021" classname="com.jbk.Read_properties"/>
  <testcase name="loginTest" time="7.697" classname="com.jbk.Read_properties"/>
</testsuite> <!-- com.jbk.Read_properties -->
