<?xml version="1.0" encoding="UTF-8"?>
<!-- Generated by org.testng.reporters.JUnitReportReporter -->
<testsuite name="com.jbk.POM.LoginTest" tests="2" time="17.954" ignored="0" failures="0" timestamp="31 Jan 2021 04:27:55 GMT" skipped="0" hostname="LAPTOP-COQHVDGR" errors="0">
  <testcase name="test02" time="7.538" classname="com.jbk.POM.LoginTest"/>
  <testcase name="validLoginTest" time="10.416" classname="com.jbk.POM.LoginTest"/>
</testsuite> <!-- com.jbk.POM.LoginTest -->
