<?xml version="1.0" encoding="UTF-8"?>
<!-- Generated by org.testng.reporters.JUnitReportReporter -->
<testsuite name="com.jbk.DashboardTest" tests="1" time="7.263" ignored="0" failures="0" timestamp="22 Jan 2021 03:54:32 GMT" skipped="0" hostname="LAPTOP-COQHVDGR" errors="0">
  <testcase name="TestCase_7" time="7.263" classname="com.jbk.DashboardTest"/>
</testsuite> <!-- com.jbk.DashboardTest -->
