<?xml version="1.0" encoding="UTF-8"?>
<!-- Generated by org.testng.reporters.JUnitReportReporter -->
<testsuite name="com.com.jbk.LoginWith_DP" tests="3" time="17.827" ignored="0" failures="0" timestamp="26 Jan 2021 20:19:34 GMT" skipped="0" hostname="LAPTOP-COQHVDGR" errors="0">
  <testcase name="loginTest" time="5.760" classname="com.com.jbk.LoginWith_DP"/>
  <testcase name="loginTest" time="5.700" classname="com.com.jbk.LoginWith_DP"/>
  <testcase name="loginTest" time="6.367" classname="com.com.jbk.LoginWith_DP"/>
</testsuite> <!-- com.com.jbk.LoginWith_DP -->
